c:\users\anthonin.kadi\documents\github\intermediate-engine-architecture\simpleenginewithopengl-011\x64\debug\vc143.pdb
c:\users\anthonin.kadi\documents\github\intermediate-engine-architecture\simpleenginewithopengl-011\x64\debug\vc143.idb
c:\users\anthonin.kadi\documents\github\intermediate-engine-architecture\simpleenginewithopengl-011\x64\debug\fpscameracomponent.obj
c:\users\anthonin.kadi\documents\github\intermediate-engine-architecture\simpleenginewithopengl-011\x64\debug\fpsactor.obj
c:\users\anthonin.kadi\documents\github\intermediate-engine-architecture\simpleenginewithopengl-011\x64\debug\followcameracomponent.obj
c:\users\anthonin.kadi\documents\github\intermediate-engine-architecture\simpleenginewithopengl-011\x64\debug\followactor.obj
c:\users\anthonin.kadi\documents\github\intermediate-engine-architecture\simpleenginewithopengl-011\x64\debug\cubemovecomponent.obj
c:\users\anthonin.kadi\documents\github\intermediate-engine-architecture\simpleenginewithopengl-011\x64\debug\cubeactor.obj
c:\users\anthonin.kadi\documents\github\intermediate-engine-architecture\simpleenginewithopengl-011\x64\debug\cube.obj
c:\users\anthonin.kadi\documents\github\intermediate-engine-architecture\simpleenginewithopengl-011\x64\debug\controllerstate.obj
c:\users\anthonin.kadi\documents\github\intermediate-engine-architecture\simpleenginewithopengl-011\x64\debug\component.obj
c:\users\anthonin.kadi\documents\github\intermediate-engine-architecture\simpleenginewithopengl-011\x64\debug\collisions.obj
c:\users\anthonin.kadi\documents\github\intermediate-engine-architecture\simpleenginewithopengl-011\x64\debug\circlecollisioncomponent.obj
c:\users\anthonin.kadi\documents\github\intermediate-engine-architecture\simpleenginewithopengl-011\x64\debug\cameracomponent.obj
c:\users\anthonin.kadi\documents\github\intermediate-engine-architecture\simpleenginewithopengl-011\x64\debug\camera.obj
c:\users\anthonin.kadi\documents\github\intermediate-engine-architecture\simpleenginewithopengl-011\x64\debug\boxcomponent.obj
c:\users\anthonin.kadi\documents\github\intermediate-engine-architecture\simpleenginewithopengl-011\x64\debug\ballmovecomponent.obj
c:\users\anthonin.kadi\documents\github\intermediate-engine-architecture\simpleenginewithopengl-011\x64\debug\ballactor.obj
c:\users\anthonin.kadi\documents\github\intermediate-engine-architecture\simpleenginewithopengl-011\x64\debug\backgroundspritecomponent.obj
c:\users\anthonin.kadi\documents\github\intermediate-engine-architecture\simpleenginewithopengl-011\x64\debug\animspritecomponent.obj
c:\users\anthonin.kadi\documents\github\intermediate-engine-architecture\simpleenginewithopengl-011\x64\debug\actor.obj
c:\users\anthonin.kadi\documents\github\intermediate-engine-architecture\simpleenginewithopengl-011\x64\debug\aabb.obj
c:\users\anthonin.kadi\documents\github\intermediate-engine-architecture\simpleenginewithopengl-011\x64\debug\rectangle.obj
c:\users\anthonin.kadi\documents\github\intermediate-engine-architecture\simpleenginewithopengl-011\x64\debug\random.obj
c:\users\anthonin.kadi\documents\github\intermediate-engine-architecture\simpleenginewithopengl-011\x64\debug\quaternion.obj
c:\users\anthonin.kadi\documents\github\intermediate-engine-architecture\simpleenginewithopengl-011\x64\debug\planeactor.obj
c:\users\anthonin.kadi\documents\github\intermediate-engine-architecture\simpleenginewithopengl-011\x64\debug\plane.obj
c:\users\anthonin.kadi\documents\github\intermediate-engine-architecture\simpleenginewithopengl-011\x64\debug\physicssystem.obj
c:\users\anthonin.kadi\documents\github\intermediate-engine-architecture\simpleenginewithopengl-011\x64\debug\orbitcameracomponent.obj
c:\users\anthonin.kadi\documents\github\intermediate-engine-architecture\simpleenginewithopengl-011\x64\debug\orbitactor.obj
c:\users\anthonin.kadi\documents\github\intermediate-engine-architecture\simpleenginewithopengl-011\x64\debug\movecomponent.obj
c:\users\anthonin.kadi\documents\github\intermediate-engine-architecture\simpleenginewithopengl-011\x64\debug\mousestate.obj
c:\users\anthonin.kadi\documents\github\intermediate-engine-architecture\simpleenginewithopengl-011\x64\debug\meshcomponent.obj
c:\users\anthonin.kadi\documents\github\intermediate-engine-architecture\simpleenginewithopengl-011\x64\debug\mesh.obj
c:\users\anthonin.kadi\documents\github\intermediate-engine-architecture\simpleenginewithopengl-011\x64\debug\matrix4.obj
c:\users\anthonin.kadi\documents\github\intermediate-engine-architecture\simpleenginewithopengl-011\x64\debug\main.obj
c:\users\anthonin.kadi\documents\github\intermediate-engine-architecture\simpleenginewithopengl-011\x64\debug\log.obj
c:\users\anthonin.kadi\documents\github\intermediate-engine-architecture\simpleenginewithopengl-011\x64\debug\linesegment.obj
c:\users\anthonin.kadi\documents\github\intermediate-engine-architecture\simpleenginewithopengl-011\x64\debug\keyboardstate.obj
c:\users\anthonin.kadi\documents\github\intermediate-engine-architecture\simpleenginewithopengl-011\x64\debug\inputsystem.obj
c:\users\anthonin.kadi\documents\github\intermediate-engine-architecture\simpleenginewithopengl-011\x64\debug\inputcomponent.obj
c:\users\anthonin.kadi\documents\github\intermediate-engine-architecture\simpleenginewithopengl-011\x64\debug\game.obj
c:\users\anthonin.kadi\documents\github\intermediate-engine-architecture\simpleenginewithopengl-011\x64\debug\window.obj
c:\users\anthonin.kadi\documents\github\intermediate-engine-architecture\simpleenginewithopengl-011\x64\debug\vertexarray.obj
c:\users\anthonin.kadi\documents\github\intermediate-engine-architecture\simpleenginewithopengl-011\x64\debug\vector3.obj
c:\users\anthonin.kadi\documents\github\intermediate-engine-architecture\simpleenginewithopengl-011\x64\debug\vector2.obj
c:\users\anthonin.kadi\documents\github\intermediate-engine-architecture\simpleenginewithopengl-011\x64\debug\timer.obj
c:\users\anthonin.kadi\documents\github\intermediate-engine-architecture\simpleenginewithopengl-011\x64\debug\texture.obj
c:\users\anthonin.kadi\documents\github\intermediate-engine-architecture\simpleenginewithopengl-011\x64\debug\targetactor.obj
c:\users\anthonin.kadi\documents\github\intermediate-engine-architecture\simpleenginewithopengl-011\x64\debug\spritecomponent.obj
c:\users\anthonin.kadi\documents\github\intermediate-engine-architecture\simpleenginewithopengl-011\x64\debug\splinecameracomponent.obj
c:\users\anthonin.kadi\documents\github\intermediate-engine-architecture\simpleenginewithopengl-011\x64\debug\splineactor.obj
c:\users\anthonin.kadi\documents\github\intermediate-engine-architecture\simpleenginewithopengl-011\x64\debug\spline.obj
c:\users\anthonin.kadi\documents\github\intermediate-engine-architecture\simpleenginewithopengl-011\x64\debug\sphereactor.obj
c:\users\anthonin.kadi\documents\github\intermediate-engine-architecture\simpleenginewithopengl-011\x64\debug\sphere.obj
c:\users\anthonin.kadi\documents\github\intermediate-engine-architecture\simpleenginewithopengl-011\x64\debug\shader.obj
c:\users\anthonin.kadi\documents\github\intermediate-engine-architecture\simpleenginewithopengl-011\x64\debug\rendererogl.obj
c:\users\anthonin.kadi\documents\github\intermediate-engine-architecture\simpleenginewithopengl-011\x64\debug\assets.obj
c:\users\anthonin.kadi\documents\github\intermediate-engine-architecture\simpleenginewithopengl-011\x64\debug\vc142.idb
c:\users\anthonin.kadi\documents\github\intermediate-engine-architecture\simpleenginewithopengl-011\x64\debug\vc142.pdb
c:\users\anthonin.kadi\documents\github\intermediate-engine-architecture\x64\debug\simpleenginewithopengl-011.pdb
c:\users\anthonin.kadi\documents\github\intermediate-engine-architecture\simpleenginewithopengl-011\x64\debug\simpleen.eec6d454.tlog\cl.command.1.tlog
c:\users\anthonin.kadi\documents\github\intermediate-engine-architecture\simpleenginewithopengl-011\x64\debug\simpleen.eec6d454.tlog\cl.items.tlog
c:\users\anthonin.kadi\documents\github\intermediate-engine-architecture\simpleenginewithopengl-011\x64\debug\simpleen.eec6d454.tlog\cl.read.1.tlog
c:\users\anthonin.kadi\documents\github\intermediate-engine-architecture\simpleenginewithopengl-011\x64\debug\simpleen.eec6d454.tlog\cl.write.1.tlog
c:\users\anthonin.kadi\documents\github\intermediate-engine-architecture\simpleenginewithopengl-011\x64\debug\simpleen.eec6d454.tlog\link-cvtres.read.1.tlog
c:\users\anthonin.kadi\documents\github\intermediate-engine-architecture\simpleenginewithopengl-011\x64\debug\simpleen.eec6d454.tlog\link-cvtres.write.1.tlog
c:\users\anthonin.kadi\documents\github\intermediate-engine-architecture\simpleenginewithopengl-011\x64\debug\simpleen.eec6d454.tlog\link-rc.read.1.tlog
c:\users\anthonin.kadi\documents\github\intermediate-engine-architecture\simpleenginewithopengl-011\x64\debug\simpleen.eec6d454.tlog\link-rc.write.1.tlog
c:\users\anthonin.kadi\documents\github\intermediate-engine-architecture\simpleenginewithopengl-011\x64\debug\simpleen.eec6d454.tlog\link.7864-cvtres.read.1.tlog
c:\users\anthonin.kadi\documents\github\intermediate-engine-architecture\simpleenginewithopengl-011\x64\debug\simpleen.eec6d454.tlog\link.7864-cvtres.write.1.tlog
c:\users\anthonin.kadi\documents\github\intermediate-engine-architecture\simpleenginewithopengl-011\x64\debug\simpleen.eec6d454.tlog\link.7864-rc.read.1.tlog
c:\users\anthonin.kadi\documents\github\intermediate-engine-architecture\simpleenginewithopengl-011\x64\debug\simpleen.eec6d454.tlog\link.7864-rc.write.1.tlog
c:\users\anthonin.kadi\documents\github\intermediate-engine-architecture\simpleenginewithopengl-011\x64\debug\simpleen.eec6d454.tlog\link.7864.read.1.tlog
c:\users\anthonin.kadi\documents\github\intermediate-engine-architecture\simpleenginewithopengl-011\x64\debug\simpleen.eec6d454.tlog\link.7864.read.2.tlog
c:\users\anthonin.kadi\documents\github\intermediate-engine-architecture\simpleenginewithopengl-011\x64\debug\simpleen.eec6d454.tlog\link.7864.write.1.tlog
c:\users\anthonin.kadi\documents\github\intermediate-engine-architecture\simpleenginewithopengl-011\x64\debug\simpleen.eec6d454.tlog\link.command.1.tlog
c:\users\anthonin.kadi\documents\github\intermediate-engine-architecture\simpleenginewithopengl-011\x64\debug\simpleen.eec6d454.tlog\link.read.1.tlog
c:\users\anthonin.kadi\documents\github\intermediate-engine-architecture\simpleenginewithopengl-011\x64\debug\simpleen.eec6d454.tlog\link.read.2.tlog
c:\users\anthonin.kadi\documents\github\intermediate-engine-architecture\simpleenginewithopengl-011\x64\debug\simpleen.eec6d454.tlog\link.write.1.tlog
